Unity Editor version:    2020.3.26f1 (7298b473bc1a)
Branch:                  2020.3/staging
Build type:              Release
Batch mode:              YES
System name:             Linux
Distro version:          #29~20.04.1-Ubuntu SMP Fri Jan 14 00:32:30 UTC 2022
Kernel version:          5.13.0-27-generic
Architecture:            x86_64
Available memory:        7695 MB
Using pre-set license
Pro License: NO
Desktop is 1920 x 1080 @ 60 Hz

COMMAND LINE ARGUMENTS:
Unity
-adb2
-batchMode
-noUpm
-name
AssetImportWorker0
-projectPath
/home/hippolyte/EPITECH/Personal Project/Game Jam test
-logFile
Logs/AssetImportWorker0.log
-srvPort
36125
Successfully changed project path to: /home/hippolyte/EPITECH/Personal Project/Game Jam test
/home/hippolyte/EPITECH/Personal Project/Game Jam test
Using Asset Import Pipeline V2.
Unable to load player prefs
Refreshing native plugins compatible for Editor in 27,57 ms, found 1 plugins.
Preloading 0 native plugins for Editor in 0,00 ms.
Initialize engine version: 2020.3.26f1 (7298b473bc1a)
[Subsystems] Discovering subsystems at path /home/hippolyte/Unity/Hub/Editor/2020.3.26f1/Editor/Data/Resources/UnitySubsystems
[Subsystems] Discovering subsystems at path /home/hippolyte/EPITECH/Personal Project/Game Jam test/Assets
GLX Extensions: GLX_ARB_create_context GLX_ARB_create_context_no_error GLX_ARB_create_context_profile GLX_ARB_create_context_robustness GLX_ARB_fbconfig_float GLX_ARB_framebuffer_sRGB GLX_ARB_get_proc_address GLX_ARB_multisample GLX_EXT_buffer_age GLX_EXT_create_context_es2_profile GLX_EXT_create_context_es_profile GLX_EXT_fbconfig_packed_float GLX_EXT_framebuffer_sRGB GLX_EXT_import_context GLX_EXT_swap_control GLX_EXT_swap_control_tear GLX_EXT_texture_from_pixmap GLX_EXT_visual_info GLX_EXT_visual_rating GLX_INTEL_swap_event GLX_MESA_copy_sub_buffer GLX_MESA_query_renderer GLX_MESA_swap_control GLX_OML_swap_method GLX_OML_sync_control GLX_SGIS_multisample GLX_SGIX_fbconfig GLX_SGIX_pbuffer GLX_SGIX_visual_select_group GLX_SGI_make_current_read GLX_SGI_swap_control GLX_SGI_video_sync 
Renderer: Mesa Intel(R) Xe Graphics (TGL GT2)
Vendor:   Intel
Version:  4.6 (Core Profile) Mesa 21.0.3
GLES:     0
 GL_3DFX_texture_compression_FXT1 GL_AMD_conservative_depth GL_AMD_depth_clamp_separate GL_AMD_draw_buffers_blend GL_AMD_gpu_shader_int64 GL_AMD_multi_draw_indirect GL_AMD_performance_monitor GL_AMD_pinned_memory GL_AMD_query_buffer_object GL_AMD_seamless_cubemap_per_texture GL_AMD_shader_stencil_export GL_AMD_shader_trinary_minmax GL_AMD_texture_texture4 GL_AMD_vertex_shader_layer GL_AMD_vertex_shader_viewport_index GL_ANGLE_texture_compression_dxt3 GL_ANGLE_texture_compression_dxt5 GL_ARB_ES2_compatibility GL_ARB_ES3_1_compatibility GL_ARB_ES3_2_compatibility GL_ARB_ES3_compatibility GL_ARB_arrays_of_arrays GL_ARB_base_instance GL_ARB_blend_func_extended GL_ARB_buffer_storage GL_ARB_clear_buffer_object GL_ARB_clear_texture GL_ARB_clip_control GL_ARB_compressed_texture_pixel_storage GL_ARB_compute_shader GL_ARB_compute_variable_group_size GL_ARB_conditional_render_inverted GL_ARB_conservative_depth GL_ARB_copy_buffer GL_ARB_copy_image GL_ARB_cull_distance GL_ARB_debug_output GL_ARB_depth_buffer_float GL_ARB
_depth_clamp GL_ARB_derivative_control GL_ARB_direct_state_access GL_ARB_draw_buffers GL_ARB_draw_buffers_blend GL_ARB_draw_elements_base_vertex GL_ARB_draw_indirect GL_ARB_draw_instanced GL_ARB_enhanced_layouts GL_ARB_explicit_attrib_location GL_ARB_explicit_uniform_location GL_ARB_fragment_coord_conventions GL_ARB_fragment_layer_viewport GL_ARB_fragment_shader GL_ARB_fragment_shader_interlock GL_ARB_framebuffer_no_attachments GL_ARB_framebuffer_object GL_ARB_framebuffer_sRGB GL_ARB_get_program_binary GL_ARB_get_texture_sub_image GL_ARB_gl_spirv GL_ARB_gpu_shader5 GL_ARB_gpu_shader_fp64 GL_ARB_gpu_shader_int64 GL_ARB_half_float_pixel GL_ARB_half_float_vertex GL_ARB_indirect_parameters GL_ARB_instanced_arrays GL_ARB_internalformat_query GL_ARB_internalformat_query2 GL_ARB_invalidate_subdata GL_ARB_map_buffer_alignment GL_ARB_map_buffer_range GL_ARB_multi_bind GL_ARB_multi_draw_indirect GL_ARB_occlusion_query2 GL_ARB_parallel_shader_compile GL_ARB_pipeline_statistics_query GL_ARB_pixel_buffer_object GL_ARB_po
int_sprite GL_ARB_polygon_offset_clamp GL_ARB_post_depth_coverage GL_ARB_program_interface_query GL_ARB_provoking_vertex GL_ARB_query_buffer_object GL_ARB_robust_buffer_access_behavior GL_ARB_robustness GL_ARB_sample_shading GL_ARB_sampler_objects GL_ARB_seamless_cube_map GL_ARB_seamless_cubemap_per_texture GL_ARB_separate_shader_objects GL_ARB_shader_atomic_counter_ops GL_ARB_shader_atomic_counters GL_ARB_shader_ballot GL_ARB_shader_bit_encoding GL_ARB_shader_clock GL_ARB_shader_draw_parameters GL_ARB_shader_group_vote GL_ARB_shader_image_load_store GL_ARB_shader_image_size GL_ARB_shader_objects GL_ARB_shader_precision GL_ARB_shader_stencil_export GL_ARB_shader_storage_buffer_object GL_ARB_shader_subroutine GL_ARB_shader_texture_image_samples GL_ARB_shader_texture_lod GL_ARB_shader_viewport_layer_array GL_ARB_shading_language_420pack GL_ARB_shading_language_include GL_ARB_shading_language_packing GL_ARB_spirv_extensions GL_ARB_stencil_texturing GL_ARB_sync GL_ARB_tessellation_shader GL_ARB_texture_barrier G
L_ARB_texture_buffer_object GL_ARB_texture_buffer_object_rgb32 GL_ARB_texture_buffer_range GL_ARB_texture_compression_bptc GL_ARB_texture_compression_rgtc GL_ARB_texture_cube_map_array GL_ARB_texture_filter_anisotropic GL_ARB_texture_float GL_ARB_texture_gather GL_ARB_texture_mirror_clamp_to_edge GL_ARB_texture_multisample GL_ARB_texture_non_power_of_two GL_ARB_texture_query_levels GL_ARB_texture_query_lod GL_ARB_texture_rectangle GL_ARB_texture_rg GL_ARB_texture_rgb10_a2ui GL_ARB_texture_stencil8 GL_ARB_texture_storage GL_ARB_texture_storage_multisample GL_ARB_texture_swizzle GL_ARB_texture_view GL_ARB_timer_query GL_ARB_transform_feedback2 GL_ARB_transform_feedback3 GL_ARB_transform_feedback_instanced GL_ARB_transform_feedback_overflow_query GL_ARB_uniform_buffer_object GL_ARB_vertex_array_bgra GL_ARB_vertex_array_object GL_ARB_vertex_attrib_64bit GL_ARB_vertex_attrib_binding GL_ARB_vertex_buffer_object GL_ARB_vertex_shader GL_ARB_vertex_type_10f_11f_11f_rev GL_ARB_vertex_type_2_10_10_10_rev GL_ARB_viewpor
t_array GL_ATI_blend_equation_separate GL_ATI_texture_float GL_EXT_EGL_image_storage GL_EXT_EGL_sync GL_EXT_abgr GL_EXT_blend_equation_separate GL_EXT_demote_to_helper_invocation GL_EXT_depth_bounds_test GL_EXT_draw_buffers2 GL_EXT_draw_instanced GL_EXT_framebuffer_blit GL_EXT_framebuffer_multisample GL_EXT_framebuffer_multisample_blit_scaled GL_EXT_framebuffer_object GL_EXT_framebuffer_sRGB GL_EXT_packed_depth_stencil GL_EXT_packed_float GL_EXT_pixel_buffer_object GL_EXT_polygon_offset_clamp GL_EXT_provoking_vertex GL_EXT_semaphore GL_EXT_semaphore_fd GL_EXT_shader_framebuffer_fetch GL_EXT_shader_framebuffer_fetch_non_coherent GL_EXT_shader_integer_mix GL_EXT_shader_samples_identical GL_EXT_texture_array GL_EXT_texture_compression_dxt1 GL_EXT_texture_compression_rgtc GL_EXT_texture_compression_s3tc GL_EXT_texture_filter_anisotropic GL_EXT_texture_integer GL_EXT_texture_sRGB GL_EXT_texture_sRGB_R8 GL_EXT_texture_sRGB_decode GL_EXT_texture_shadow_lod GL_EXT_texture_shared_exponent GL_EXT_texture_snorm GL_EXT_
texture_swizzle GL_EXT_timer_query GL_EXT_transform_feedback GL_EXT_vertex_array_bgra GL_EXT_vertex_attrib_64bit GL_IBM_multimode_draw_arrays GL_INTEL_blackhole_render GL_INTEL_conservative_rasterization GL_INTEL_performance_query GL_INTEL_shader_atomic_float_minmax GL_INTEL_shader_integer_functions2 GL_KHR_blend_equation_advanced GL_KHR_blend_equation_advanced_coherent GL_KHR_context_flush_control GL_KHR_debug GL_KHR_no_error GL_KHR_parallel_shader_compile GL_KHR_robust_buffer_access_behavior GL_KHR_robustness GL_KHR_texture_compression_astc_ldr GL_KHR_texture_compression_astc_sliced_3d GL_MESA_framebuffer_flip_y GL_MESA_pack_invert GL_MESA_shader_integer_functions GL_MESA_texture_signed_rgba GL_NV_compute_shader_derivatives GL_NV_conditional_render GL_NV_copy_image GL_NV_depth_clamp GL_NV_fragment_shader_interlock GL_NV_packed_depth_stencil GL_NV_texture_barrier GL_OES_EGL_image GL_S3_s3tc
OPENGL LOG: Creating OpenGL 4.6 graphics device ; Context level  <OpenGL 4.5> ; Context handle 126870576
../src/intel/isl/isl.c:2023: FINISHME: ../src/intel/isl/isl.c:isl_surf_supports_ccs: CCS for 3D textures is disabled, but a workaround is available.
Initialize mono
Mono path[0] = '/home/hippolyte/Unity/Hub/Editor/2020.3.26f1/Editor/Data/Managed'
Mono path[1] = '/home/hippolyte/Unity/Hub/Editor/2020.3.26f1/Editor/Data/MonoBleedingEdge/lib/mono/unityjit'
Mono config path = '/home/hippolyte/Unity/Hub/Editor/2020.3.26f1/Editor/Data/MonoBleedingEdge/etc'
Using monoOptions --debugger-agent=transport=dt_socket,embedding=1,server=y,suspend=n,address=127.0.0.1:56346
Begin MonoManager ReloadAssembly
Registering precompiled unity dll's ...
Register platform support module: /home/hippolyte/Unity/Hub/Editor/2020.3.26f1/Editor/Data/PlaybackEngines/LinuxStandaloneSupport/UnityEditor.LinuxStandalone.Extensions.dll
Registered in 0,000799 seconds.
Native extension for LinuxStandalone target not found
Refreshing native plugins compatible for Editor in 30,56 ms, found 1 plugins.
Preloading 0 native plugins for Editor in 0,00 ms.
Mono: successfully reloaded assembly
- Completed reload, in  0,398 seconds
Domain Reload Profiling:
	ReloadAssembly (398ms)
		BeginReloadAssembly (20ms)
			ExecutionOrderSort (0ms)
			DisableScriptedObjects (0ms)
			BackupInstance (0ms)
			ReleaseScriptingObjects (0ms)
			CreateAndSetChildDomain (1ms)
		EndReloadAssembly (333ms)
			LoadAssemblies (19ms)
			RebuildTransferFunctionScriptingTraits (0ms)
			SetupTypeCache (99ms)
			ReleaseScriptCaches (0ms)
			RebuildScriptCaches (23ms)
			SetupLoadedEditorAssemblies (150ms)
				LogAssemblyErrors (0ms)
				InitializePlatformSupportModulesInManaged (3ms)
				SetLoadedEditorAssemblies (0ms)
				RefreshPlugins (31ms)
				BeforeProcessingInitializeOnLoad (6ms)
				ProcessInitializeOnLoadAttributes (91ms)
				ProcessInitializeOnLoadMethodAttributes (19ms)
				AfterProcessingInitializeOnLoad (0ms)
				EditorAssembliesLoaded (0ms)
			ExecutionOrderSort2 (0ms)
			AwakeInstancesAfterBackupRestoration (0ms)
Platform modules already initialized, skipping
Registering precompiled user dll's ...
Registered in 0,001736 seconds.
Begin MonoManager ReloadAssembly
Native extension for LinuxStandalone target not found
Refreshing native plugins compatible for Editor in 30,16 ms, found 1 plugins.
Preloading 0 native plugins for Editor in 0,00 ms.
Mono: successfully reloaded assembly
- Completed reload, in  0,756 seconds
Domain Reload Profiling:
	ReloadAssembly (756ms)
		BeginReloadAssembly (75ms)
			ExecutionOrderSort (0ms)
			DisableScriptedObjects (3ms)
			BackupInstance (0ms)
			ReleaseScriptingObjects (0ms)
			CreateAndSetChildDomain (14ms)
		EndReloadAssembly (644ms)
			LoadAssemblies (43ms)
			RebuildTransferFunctionScriptingTraits (0ms)
			SetupTypeCache (214ms)
			ReleaseScriptCaches (0ms)
			RebuildScriptCaches (36ms)
			SetupLoadedEditorAssemblies (262ms)
				LogAssemblyErrors (0ms)
				InitializePlatformSupportModulesInManaged (3ms)
				SetLoadedEditorAssemblies (0ms)
				RefreshPlugins (30ms)
				BeforeProcessingInitializeOnLoad (42ms)
				ProcessInitializeOnLoadAttributes (173ms)
				ProcessInitializeOnLoadMethodAttributes (11ms)
				AfterProcessingInitializeOnLoad (3ms)
				EditorAssembliesLoaded (0ms)
			ExecutionOrderSort2 (0ms)
			AwakeInstancesAfterBackupRestoration (5ms)
Platform modules already initialized, skipping
========================================================================
Worker process is ready to serve import requests
Launched and connected shader compiler UnityShaderCompiler after 0.01 seconds
Refreshing native plugins compatible for Editor in 0,41 ms, found 1 plugins.
Preloading 0 native plugins for Editor in 0,00 ms.
Unloading 2197 Unused Serialized files (Serialized files now loaded: 0)
System memory in use before: 90,3 MB.
System memory in use after: 90,3 MB.

Unloading 28 unused Assets to reduce memory usage. Loaded Objects now: 2630.
Total: 4,138438 ms (FindLiveObjects: 0,133181 ms CreateObjectMapping: 0,050455 ms MarkObjects: 3,802802 ms  DeleteObjects: 0,151073 ms)

AssetImportParameters requested are different than current active one (requested -> active):
  custom:video-decoder-ogg-theora: a1e56fd34408186e4bbccfd4996cb3dc -> 
  custom:container-muxer-webm: aa71ff27fc2769a1b78a27578f13a17b -> 
  custom:container-demuxer-webm: 4f35f7cbe854078d1ac9338744f61a02 -> 
  custom:container-demuxer-ogg: 62fdf1f143b41e24485cea50d1cbac27 -> 
  custom:video-encoder-webm-vp8: eb34c28f22e8b96e1ab97ce403110664 -> 
  custom:video-decoder-webm-vp8: 9c59270c3fd7afecdb556c50c9e8de78 -> 
  custom:audio-decoder-ogg-vorbis: bf7c407c2cedff20999df2af8eb42d56 -> 
  custom:audio-encoder-webm-vorbis: bf7c407c2cedff20999df2af8eb42d56 -> 
========================================================================
Received Import Request.
  path: Assets/PNG
  artifactKey: Guid(c88f4e67f61fb82729e7d8b2717aa998) Importer(815301076,1909f56bfc062723c751e8b465ee728b)
Start importing Assets/PNG using Guid(c88f4e67f61fb82729e7d8b2717aa998) Importer(815301076,1909f56bfc062723c751e8b465ee728b)  -> (artifact id: '69a521f68db5b7b5bf7a6fae069f8988') in 0,003602 seconds 
  Import took 0,006280 seconds .

========================================================================
Received Import Request.
  Time since last request: 20,405062 seconds.
  path: Assets/PNG/environment
  artifactKey: Guid(03e0be8dbcc96c5ff851ff5b8beb109e) Importer(815301076,1909f56bfc062723c751e8b465ee728b)
Start importing Assets/PNG/environment using Guid(03e0be8dbcc96c5ff851ff5b8beb109e) Importer(815301076,1909f56bfc062723c751e8b465ee728b)  -> (artifact id: '734fe34a26008857c3f594e8eb62fe6a') in 0,001007 seconds 
  Import took 0,006384 seconds .

========================================================================
Received Import Request.
  Time since last request: 0,133112 seconds.
  path: Assets/PNG/environment/environment-preview.png
  artifactKey: Guid(627bb196a0e5af8a7b170e5ed07e0f10) Importer(815301076,1909f56bfc062723c751e8b465ee728b)
Start importing Assets/PNG/environment/environment-preview.png using Guid(627bb196a0e5af8a7b170e5ed07e0f10) Importer(815301076,1909f56bfc062723c751e8b465ee728b)  -> (artifact id: 'c7fa66aca1ebad42dd049d62198662a8') in 0,053581 seconds 
  Import took 0,059009 seconds .

========================================================================
Received Import Request.
  Time since last request: 1,684498 seconds.
  path: Assets/PNG/environment/props
  artifactKey: Guid(0703cf107da98def4ae551e750f2d1a8) Importer(815301076,1909f56bfc062723c751e8b465ee728b)
Start importing Assets/PNG/environment/props using Guid(0703cf107da98def4ae551e750f2d1a8) Importer(815301076,1909f56bfc062723c751e8b465ee728b)  -> (artifact id: '871477d4111bc596ca60a32373f3f8c7') in 0,001391 seconds 
  Import took 0,005949 seconds .

========================================================================
Received Import Request.
  Time since last request: 1,285914 seconds.
  path: Assets/PNG/environment/layers
  artifactKey: Guid(292c6e5ba20d69fc6ab6b1927c9255fa) Importer(815301076,1909f56bfc062723c751e8b465ee728b)
Start importing Assets/PNG/environment/layers using Guid(292c6e5ba20d69fc6ab6b1927c9255fa) Importer(815301076,1909f56bfc062723c751e8b465ee728b)  -> (artifact id: '115f9eaa4c2ba4f1086d926c739e2b98') in 0,000938 seconds 
  Import took 0,005923 seconds .

========================================================================
Received Import Request.
  Time since last request: 0,081202 seconds.
  path: Assets/PNG/environment/layers/back.png
  artifactKey: Guid(dec942c23ce0a45579f18f7ae7105e1a) Importer(815301076,1909f56bfc062723c751e8b465ee728b)
Start importing Assets/PNG/environment/layers/back.png using Guid(dec942c23ce0a45579f18f7ae7105e1a) Importer(815301076,1909f56bfc062723c751e8b465ee728b)  -> (artifact id: '6e52fe13929538b4abbdfda4f99a089a') in 0,007422 seconds 
  Import took 0,010231 seconds .

========================================================================
Received Import Request.
  Time since last request: 0,000336 seconds.
  path: Assets/PNG/environment/layers/middle.png
  artifactKey: Guid(b522e29abad171ca99da27bc83ba5124) Importer(815301076,1909f56bfc062723c751e8b465ee728b)
Start importing Assets/PNG/environment/layers/middle.png using Guid(b522e29abad171ca99da27bc83ba5124) Importer(815301076,1909f56bfc062723c751e8b465ee728b)  -> (artifact id: 'a7176126606845a4bffbbbbae9b4f88a') in 0,006148 seconds 
  Import took 0,008551 seconds .

========================================================================
Received Import Request.
  Time since last request: 0,000138 seconds.
  path: Assets/PNG/environment/layers/tileset.png
  artifactKey: Guid(5d9f03e29e9341e5eb66c7361ea8ba8a) Importer(815301076,1909f56bfc062723c751e8b465ee728b)
Start importing Assets/PNG/environment/layers/tileset.png using Guid(5d9f03e29e9341e5eb66c7361ea8ba8a) Importer(815301076,1909f56bfc062723c751e8b465ee728b)  -> (artifact id: '4ee01b3656b82b156ed57756a1581235') in 0,007270 seconds 
  Import took 0,009647 seconds .

========================================================================
Received Import Request.
  Time since last request: 0,000128 seconds.
  path: Assets/PNG/environment/layers/props.png
  artifactKey: Guid(bd561fa9b69cf1e8491ad50dc4c9eff3) Importer(815301076,1909f56bfc062723c751e8b465ee728b)
Start importing Assets/PNG/environment/layers/props.png using Guid(bd561fa9b69cf1e8491ad50dc4c9eff3) Importer(815301076,1909f56bfc062723c751e8b465ee728b)  -> (artifact id: 'a97c8ea650411c14d05a49d9eaa0b0e1') in 0,006107 seconds 
  Import took 0,009168 seconds .

========================================================================
Received Import Request.
  Time since last request: 9,871678 seconds.
  path: Assets/PNG/environment/props/big-crate.png
  artifactKey: Guid(681f28a6320d6b05fa442848d763487e) Importer(815301076,1909f56bfc062723c751e8b465ee728b)
Start importing Assets/PNG/environment/props/big-crate.png using Guid(681f28a6320d6b05fa442848d763487e) Importer(815301076,1909f56bfc062723c751e8b465ee728b)  -> (artifact id: '56defa45b526cf54d78532ec5a64d50e') in 0,005944 seconds 
  Import took 0,009887 seconds .

========================================================================
Received Import Request.
  Time since last request: 0,000160 seconds.
  path: Assets/PNG/environment/props/door.png
  artifactKey: Guid(4f66204b9a6a44aeb9a47c62c4f2c4e6) Importer(815301076,1909f56bfc062723c751e8b465ee728b)
Start importing Assets/PNG/environment/props/door.png using Guid(4f66204b9a6a44aeb9a47c62c4f2c4e6) Importer(815301076,1909f56bfc062723c751e8b465ee728b)  -> (artifact id: '8f3b60f4ae2b3d41bd1bf5a49e6f51c4') in 0,006264 seconds 
  Import took 0,010225 seconds .

========================================================================
Received Import Request.
  Time since last request: 0,000132 seconds.
  path: Assets/PNG/environment/props/door-opened.png
  artifactKey: Guid(6ed5130c31658ac148e99b00daac69ef) Importer(815301076,1909f56bfc062723c751e8b465ee728b)
Start importing Assets/PNG/environment/props/door-opened.png using Guid(6ed5130c31658ac148e99b00daac69ef) Importer(815301076,1909f56bfc062723c751e8b465ee728b)  -> (artifact id: '02ad6658a1c14f69c46ef99e8eb5004c') in 0,005649 seconds 
  Import took 0,009302 seconds .

========================================================================
Received Import Request.
  Time since last request: 0,000134 seconds.
  path: Assets/PNG/environment/props/crate.png
  artifactKey: Guid(85201d445ae70bf5486e933dbfd5e3c0) Importer(815301076,1909f56bfc062723c751e8b465ee728b)
Start importing Assets/PNG/environment/props/crate.png using Guid(85201d445ae70bf5486e933dbfd5e3c0) Importer(815301076,1909f56bfc062723c751e8b465ee728b)  -> (artifact id: '9b90e9404dcd2d4ef095f3b9078e52fa') in 0,005991 seconds 
  Import took 0,009876 seconds .

========================================================================
Received Import Request.
  Time since last request: 0,000149 seconds.
  path: Assets/PNG/environment/props/small-platform.png
  artifactKey: Guid(3c0e5522d88563df1883fdfc3e835325) Importer(815301076,1909f56bfc062723c751e8b465ee728b)
Start importing Assets/PNG/environment/props/small-platform.png using Guid(3c0e5522d88563df1883fdfc3e835325) Importer(815301076,1909f56bfc062723c751e8b465ee728b)  -> (artifact id: '04272796181bd2fce552b93b4b3e3950') in 0,004100 seconds 
  Import took 0,008551 seconds .

========================================================================
Received Import Request.
  Time since last request: 0,000195 seconds.
  path: Assets/PNG/environment/props/spikes-top.png
  artifactKey: Guid(0fcf0ded44702acf2afcf61b7519e294) Importer(815301076,1909f56bfc062723c751e8b465ee728b)
Start importing Assets/PNG/environment/props/spikes-top.png using Guid(0fcf0ded44702acf2afcf61b7519e294) Importer(815301076,1909f56bfc062723c751e8b465ee728b)  -> (artifact id: 'a6f19f071138f00910c28c48ebde8773') in 0,006936 seconds 
  Import took 0,009603 seconds .

========================================================================
Received Import Request.
  Time since last request: 0,000107 seconds.
  path: Assets/PNG/environment/props/spike-skull.png
  artifactKey: Guid(e999befded0465095af7d76a9a9b47d5) Importer(815301076,1909f56bfc062723c751e8b465ee728b)
Start importing Assets/PNG/environment/props/spike-skull.png using Guid(e999befded0465095af7d76a9a9b47d5) Importer(815301076,1909f56bfc062723c751e8b465ee728b)  -> (artifact id: '768f7e2040acfccbae3f0cb6fcc4dedf') in 0,005723 seconds 
  Import took 0,008102 seconds .

========================================================================
Received Import Request.
  Time since last request: 0,000136 seconds.
  path: Assets/PNG/environment/props/sign.png
  artifactKey: Guid(b0172ffd4973c9aed88b5efc3adc1a97) Importer(815301076,1909f56bfc062723c751e8b465ee728b)
Start importing Assets/PNG/environment/props/sign.png using Guid(b0172ffd4973c9aed88b5efc3adc1a97) Importer(815301076,1909f56bfc062723c751e8b465ee728b)  -> (artifact id: '38dfa42a71e5d39ffb417aa384b2d329') in 0,005770 seconds 
  Import took 0,008278 seconds .

========================================================================
Received Import Request.
  Time since last request: 0,000122 seconds.
  path: Assets/PNG/environment/props/platform-long.png
  artifactKey: Guid(dbf1ea017f083e83c8e9deb8806ae5c1) Importer(815301076,1909f56bfc062723c751e8b465ee728b)
Start importing Assets/PNG/environment/props/platform-long.png using Guid(dbf1ea017f083e83c8e9deb8806ae5c1) Importer(815301076,1909f56bfc062723c751e8b465ee728b)  -> (artifact id: '9df2a05e131084e42079e78d0d084183') in 0,005654 seconds 
  Import took 0,008007 seconds .

========================================================================
Received Import Request.
  Time since last request: 0,000137 seconds.
  path: Assets/PNG/environment/props/crank-up.png
  artifactKey: Guid(a49a8c549664941518e97f0316173544) Importer(815301076,1909f56bfc062723c751e8b465ee728b)
Start importing Assets/PNG/environment/props/crank-up.png using Guid(a49a8c549664941518e97f0316173544) Importer(815301076,1909f56bfc062723c751e8b465ee728b)  -> (artifact id: 'a5c6ec29098ec41ae82d640690fb5251') in 0,006998 seconds 
  Import took 0,010226 seconds .

========================================================================
Received Import Request.
  Time since last request: 0,000284 seconds.
  path: Assets/PNG/environment/props/skulls.png
  artifactKey: Guid(5b1979534002cbe3e84dd7cd736d6cba) Importer(815301076,1909f56bfc062723c751e8b465ee728b)
Start importing Assets/PNG/environment/props/skulls.png using Guid(5b1979534002cbe3e84dd7cd736d6cba) Importer(815301076,1909f56bfc062723c751e8b465ee728b)  -> (artifact id: 'e54f4b840eb30f481fb6468623a45042') in 0,005985 seconds 
  Import took 0,008424 seconds .

========================================================================
Received Import Request.
  Time since last request: 0,000444 seconds.
  path: Assets/PNG/environment/props/spikes.png
  artifactKey: Guid(ef3d040159e643cfea8bde33de3347e0) Importer(815301076,1909f56bfc062723c751e8b465ee728b)
Start importing Assets/PNG/environment/props/spikes.png using Guid(ef3d040159e643cfea8bde33de3347e0) Importer(815301076,1909f56bfc062723c751e8b465ee728b)  -> (artifact id: '1fbf124b4cba69b724caa3e7914ef081') in 0,005346 seconds 
  Import took 0,008107 seconds .

========================================================================
Received Import Request.
  Time since last request: 0,000214 seconds.
  path: Assets/PNG/environment/props/tree.png
  artifactKey: Guid(efecdb81abb42a748a1a6d914e21296b) Importer(815301076,1909f56bfc062723c751e8b465ee728b)
Start importing Assets/PNG/environment/props/tree.png using Guid(efecdb81abb42a748a1a6d914e21296b) Importer(815301076,1909f56bfc062723c751e8b465ee728b)  -> (artifact id: 'c042fe77242db9fb163c967d3d1ff124') in 0,007183 seconds 
  Import took 0,010313 seconds .

========================================================================
Received Import Request.
  Time since last request: 0,000317 seconds.
  path: Assets/PNG/environment/props/rock.png
  artifactKey: Guid(9c10d6c7b82dda85caa375fb865a0d65) Importer(815301076,1909f56bfc062723c751e8b465ee728b)
Start importing Assets/PNG/environment/props/rock.png using Guid(9c10d6c7b82dda85caa375fb865a0d65) Importer(815301076,1909f56bfc062723c751e8b465ee728b)  -> (artifact id: '9df77886ba2002d9b1acfd805d7d3793') in 0,005319 seconds 
  Import took 0,007787 seconds .

========================================================================
Received Import Request.
  Time since last request: 0,000253 seconds.
  path: Assets/PNG/environment/props/shrooms.png
  artifactKey: Guid(23587a2476e38a4748eea227c0ef201a) Importer(815301076,1909f56bfc062723c751e8b465ee728b)
Start importing Assets/PNG/environment/props/shrooms.png using Guid(23587a2476e38a4748eea227c0ef201a) Importer(815301076,1909f56bfc062723c751e8b465ee728b)  -> (artifact id: 'b23affcc5fbd1d6533e6c315ff4b1f35') in 0,005352 seconds 
  Import took 0,008728 seconds .

========================================================================
Received Import Request.
  Time since last request: 0,000208 seconds.
  path: Assets/PNG/environment/props/house.png
  artifactKey: Guid(4341aba27a0c06e238cbf5e447daf4ae) Importer(815301076,1909f56bfc062723c751e8b465ee728b)
Start importing Assets/PNG/environment/props/house.png using Guid(4341aba27a0c06e238cbf5e447daf4ae) Importer(815301076,1909f56bfc062723c751e8b465ee728b)  -> (artifact id: '1759014b2e8b971452ed8e2ca0ec4260') in 0,005131 seconds 
  Import took 0,007378 seconds .

========================================================================
Received Import Request.
  Time since last request: 0,000209 seconds.
  path: Assets/PNG/environment/props/bush.png
  artifactKey: Guid(3b766e5cf2d1aac41bdb182db2e207fe) Importer(815301076,1909f56bfc062723c751e8b465ee728b)
Start importing Assets/PNG/environment/props/bush.png using Guid(3b766e5cf2d1aac41bdb182db2e207fe) Importer(815301076,1909f56bfc062723c751e8b465ee728b)  -> (artifact id: 'ae9da2d1a5283eae1008cc91a7a4da09') in 0,006141 seconds 
  Import took 0,009075 seconds .

========================================================================
Received Import Request.
  Time since last request: 0,000145 seconds.
  path: Assets/PNG/environment/props/face-block.png
  artifactKey: Guid(7b1ded9cbc750660e865fea105c26d51) Importer(815301076,1909f56bfc062723c751e8b465ee728b)
Start importing Assets/PNG/environment/props/face-block.png using Guid(7b1ded9cbc750660e865fea105c26d51) Importer(815301076,1909f56bfc062723c751e8b465ee728b)  -> (artifact id: '239ec8da14c665a9bb69135c01944086') in 0,003930 seconds 
  Import took 0,006161 seconds .

========================================================================
Received Import Request.
  Time since last request: 0,000318 seconds.
  path: Assets/PNG/environment/props/block.png
  artifactKey: Guid(a220819078f99354794a3930f4d362c0) Importer(815301076,1909f56bfc062723c751e8b465ee728b)
Start importing Assets/PNG/environment/props/block.png using Guid(a220819078f99354794a3930f4d362c0) Importer(815301076,1909f56bfc062723c751e8b465ee728b)  -> (artifact id: 'f52db1cb4f81bf858f2887d09d1b7730') in 0,003959 seconds 
  Import took 0,006123 seconds .

========================================================================
Received Import Request.
  Time since last request: 0,000184 seconds.
  path: Assets/PNG/environment/props/crank-down.png
  artifactKey: Guid(9871d5918e232050c8d67bad70108d4b) Importer(815301076,1909f56bfc062723c751e8b465ee728b)
Start importing Assets/PNG/environment/props/crank-down.png using Guid(9871d5918e232050c8d67bad70108d4b) Importer(815301076,1909f56bfc062723c751e8b465ee728b)  -> (artifact id: '6515a637fb009a27ea2c2fa3407ed3a6') in 0,004675 seconds 
  Import took 0,007290 seconds .

========================================================================
Received Import Request.
  Time since last request: 0,000123 seconds.
  path: Assets/PNG/environment/props/block-big.png
  artifactKey: Guid(ac5e7fa9f79062c78af951ae9cb64ec2) Importer(815301076,1909f56bfc062723c751e8b465ee728b)
Start importing Assets/PNG/environment/props/block-big.png using Guid(ac5e7fa9f79062c78af951ae9cb64ec2) Importer(815301076,1909f56bfc062723c751e8b465ee728b)  -> (artifact id: '08b6f0ab14b0f5e568eb63ac42764e39') in 0,003866 seconds 
  Import took 0,006136 seconds .

========================================================================
Received Import Request.
  Time since last request: 7,340923 seconds.
  path: Assets/PNG/spritesheets/cherry.png
  artifactKey: Guid(630387f64fe2c6c3cae7ec3f00e10f9d) Importer(815301076,1909f56bfc062723c751e8b465ee728b)
Start importing Assets/PNG/spritesheets/cherry.png using Guid(630387f64fe2c6c3cae7ec3f00e10f9d) Importer(815301076,1909f56bfc062723c751e8b465ee728b)  -> (artifact id: '56b61c5e3af63021f0ef990cf25d1cde') in 0,006685 seconds 
  Import took 0,010106 seconds .

========================================================================
Received Import Request.
  Time since last request: 0,000176 seconds.
  path: Assets/PNG/spritesheets/gem.png
  artifactKey: Guid(917a7e406caa38736b7ef56f35854f23) Importer(815301076,1909f56bfc062723c751e8b465ee728b)
Start importing Assets/PNG/spritesheets/gem.png using Guid(917a7e406caa38736b7ef56f35854f23) Importer(815301076,1909f56bfc062723c751e8b465ee728b)  -> (artifact id: '6c8f648a147982b57ef0423a9107a549') in 0,004257 seconds 
  Import took 0,006957 seconds .

========================================================================
Received Import Request.
  Time since last request: 0,000205 seconds.
  path: Assets/PNG/spritesheets/player-jump.png
  artifactKey: Guid(ff5ff099ed4d70a969d9f9961a77d890) Importer(815301076,1909f56bfc062723c751e8b465ee728b)
Start importing Assets/PNG/spritesheets/player-jump.png using Guid(ff5ff099ed4d70a969d9f9961a77d890) Importer(815301076,1909f56bfc062723c751e8b465ee728b)  -> (artifact id: '1bfc154ae531e576017958f14eaee4a3') in 0,004356 seconds 
  Import took 0,007326 seconds .

========================================================================
Received Import Request.
  Time since last request: 0,000159 seconds.
  path: Assets/PNG/spritesheets/frog-idle.png
  artifactKey: Guid(cc89fd1d2dca29ecda27cf2656ebc597) Importer(815301076,1909f56bfc062723c751e8b465ee728b)
Start importing Assets/PNG/spritesheets/frog-idle.png using Guid(cc89fd1d2dca29ecda27cf2656ebc597) Importer(815301076,1909f56bfc062723c751e8b465ee728b)  -> (artifact id: '33d7cec1dcfcdd7ad80418882ac353c8') in 0,007099 seconds 
  Import took 0,009614 seconds .

========================================================================
Received Import Request.
  Time since last request: 0,000164 seconds.
  path: Assets/PNG/spritesheets/player-hurt.png
  artifactKey: Guid(f9de3a45a37aea8b8980280fe82cc529) Importer(815301076,1909f56bfc062723c751e8b465ee728b)
Start importing Assets/PNG/spritesheets/player-hurt.png using Guid(f9de3a45a37aea8b8980280fe82cc529) Importer(815301076,1909f56bfc062723c751e8b465ee728b)  -> (artifact id: 'c75cd8a53acb6f862287fb7a8fc754b6') in 0,004513 seconds 
  Import took 0,007971 seconds .

========================================================================
Received Import Request.
  Time since last request: 0,000114 seconds.
  path: Assets/PNG/spritesheets/eagle-attack.png
  artifactKey: Guid(88c77a77607e1ea28a7ca5aadbcc303f) Importer(815301076,1909f56bfc062723c751e8b465ee728b)
Start importing Assets/PNG/spritesheets/eagle-attack.png using Guid(88c77a77607e1ea28a7ca5aadbcc303f) Importer(815301076,1909f56bfc062723c751e8b465ee728b)  -> (artifact id: 'ce728a9b784e62fac40c446490bc1fb0') in 0,006688 seconds 
  Import took 0,009777 seconds .

========================================================================
Received Import Request.
  Time since last request: 0,000127 seconds.
  path: Assets/PNG/spritesheets/player-crouch.png
  artifactKey: Guid(ae4811260912de58ba483445ee81b7ab) Importer(815301076,1909f56bfc062723c751e8b465ee728b)
Start importing Assets/PNG/spritesheets/player-crouch.png using Guid(ae4811260912de58ba483445ee81b7ab) Importer(815301076,1909f56bfc062723c751e8b465ee728b)  -> (artifact id: '08706e75846634c6a6cf0317fac086f9') in 0,004558 seconds 
  Import took 0,006792 seconds .

========================================================================
Received Import Request.
  Time since last request: 0,000119 seconds.
  path: Assets/PNG/spritesheets/payer-run.png
  artifactKey: Guid(3102fd425434c78688f0a646fa391efc) Importer(815301076,1909f56bfc062723c751e8b465ee728b)
Start importing Assets/PNG/spritesheets/payer-run.png using Guid(3102fd425434c78688f0a646fa391efc) Importer(815301076,1909f56bfc062723c751e8b465ee728b)  -> (artifact id: '498baf7503044a00e01514ab358ca02c') in 0,006283 seconds 
  Import took 0,009207 seconds .

========================================================================
Received Import Request.
  Time since last request: 0,000174 seconds.
  path: Assets/PNG/spritesheets/frog-jump.png
  artifactKey: Guid(a705864591297cf0696e92e80aeca121) Importer(815301076,1909f56bfc062723c751e8b465ee728b)
Start importing Assets/PNG/spritesheets/frog-jump.png using Guid(a705864591297cf0696e92e80aeca121) Importer(815301076,1909f56bfc062723c751e8b465ee728b)  -> (artifact id: '06444f5aa0fad8f0d5f34a908d1db74b') in 0,005161 seconds 
  Import took 0,007296 seconds .

========================================================================
Received Import Request.
  Time since last request: 0,000139 seconds.
  path: Assets/PNG/spritesheets/enemy-deadth.png
  artifactKey: Guid(96dac0fb954b0fa98a549e6ec2b126b0) Importer(815301076,1909f56bfc062723c751e8b465ee728b)
Start importing Assets/PNG/spritesheets/enemy-deadth.png using Guid(96dac0fb954b0fa98a549e6ec2b126b0) Importer(815301076,1909f56bfc062723c751e8b465ee728b)  -> (artifact id: '5871ebe7e210f5e8431f835095832f08') in 0,006851 seconds 
  Import took 0,009723 seconds .

========================================================================
Received Import Request.
  Time since last request: 0,000114 seconds.
  path: Assets/PNG/spritesheets/player-idle.png
  artifactKey: Guid(f4a08d9d931f28419b9f0a4f1dd1c908) Importer(815301076,1909f56bfc062723c751e8b465ee728b)
Start importing Assets/PNG/spritesheets/player-idle.png using Guid(f4a08d9d931f28419b9f0a4f1dd1c908) Importer(815301076,1909f56bfc062723c751e8b465ee728b)  -> (artifact id: '220adaf2a00aacf083b3fb65bf6238a7') in 0,004949 seconds 
  Import took 0,007177 seconds .

========================================================================
Received Import Request.
  Time since last request: 0,000178 seconds.
  path: Assets/PNG/spritesheets/player-climb.png
  artifactKey: Guid(8fde3e21a82ef089c8aaf2cadc8209f6) Importer(815301076,1909f56bfc062723c751e8b465ee728b)
Start importing Assets/PNG/spritesheets/player-climb.png using Guid(8fde3e21a82ef089c8aaf2cadc8209f6) Importer(815301076,1909f56bfc062723c751e8b465ee728b)  -> (artifact id: '6040d98d0fa45f62f255b42b3304a5a6') in 0,005736 seconds 
  Import took 0,008800 seconds .

========================================================================
Received Import Request.
  Time since last request: 0,000111 seconds.
  path: Assets/PNG/spritesheets/oposum.png
  artifactKey: Guid(b7ee21b0540ade1299394882a506228b) Importer(815301076,1909f56bfc062723c751e8b465ee728b)
Start importing Assets/PNG/spritesheets/oposum.png using Guid(b7ee21b0540ade1299394882a506228b) Importer(815301076,1909f56bfc062723c751e8b465ee728b)  -> (artifact id: '418bacc64b5b02fbf0bc6e464b13b564') in 0,005480 seconds 
  Import took 0,008282 seconds .

========================================================================
Received Import Request.
  Time since last request: 19,734212 seconds.
  path: Assets/PNG/environment/layers/tileset.png
  artifactKey: Guid(5d9f03e29e9341e5eb66c7361ea8ba8a) Importer(815301076,1909f56bfc062723c751e8b465ee728b)
Start importing Assets/PNG/environment/layers/tileset.png using Guid(5d9f03e29e9341e5eb66c7361ea8ba8a) Importer(815301076,1909f56bfc062723c751e8b465ee728b)  -> (artifact id: '481345cfabd09fc9df1017848b9dc4c8') in 0,003787 seconds 
  Import took 0,006230 seconds .

========================================================================
Received Import Request.
  Time since last request: 8,061929 seconds.
  path: Assets/PNG/environment/layers/tileset.png
  artifactKey: Guid(5d9f03e29e9341e5eb66c7361ea8ba8a) Importer(815301076,1909f56bfc062723c751e8b465ee728b)
Start importing Assets/PNG/environment/layers/tileset.png using Guid(5d9f03e29e9341e5eb66c7361ea8ba8a) Importer(815301076,1909f56bfc062723c751e8b465ee728b)  -> (artifact id: 'd8ddf5ade25a1f37fc4ddbf4fa37ff1d') in 0,081333 seconds 
  Import took 0,083981 seconds .

AssetImportWorkerClient::OnTransportError - code=2 error=End of file
